2023-11-17 18:52:14,625 - INFO - Executing window...
2023-11-17 19:00:59,081 -- root INFO - Executing window...
2023-11-17 19:06:24,731 - INFO - Executing window...
2023-11-17 19:07:24,517 - INFO - Executing InitUI()
2023-11-17 19:07:24,635 - INFO - Executing window...
2023-11-17 19:08:08,679 - INFO - Executing InitUI()
2023-11-17 19:08:08,787 - INFO - Executing window...
2023-11-17 19:22:44,638 - INFO - Executing InitUI()
2023-11-17 19:22:44,733 - INFO - Executing window...
2023-11-17 19:25:36,114 - INFO - Executing InitUI()
2023-11-17 19:25:36,213 - INFO - Executing window...
2023-11-17 19:28:20,604 - INFO - Executing InitUI()
2023-11-17 19:28:20,702 - INFO - Executing window...
2023-11-17 19:35:39,097 - INFO - Executing InitUI()
2023-11-17 19:35:39,196 - INFO - Executing window...
2023-11-17 19:37:20,133 - INFO - Executing InitUI()
2023-11-17 19:37:20,234 - INFO - Executing window...
2023-11-17 19:37:46,975 - INFO - Executing InitUI()
2023-11-17 19:37:47,089 - INFO - Executing window...
2023-11-17 19:37:48,203 - INFO - initializing platform
2023-11-17 19:38:43,737 - INFO - Executing InitUI()
2023-11-17 19:38:43,849 - INFO - Executing window...
2023-11-17 19:38:45,102 - INFO - initializing platform
2023-11-17 19:38:45,102 - INFO - initializing PlatformData
2023-11-17 19:38:45,102 - INFO - initializing func get_platforms in PlatformData
2023-11-17 19:39:38,502 - INFO - Executing InitUI()
2023-11-17 19:39:38,601 - INFO - Executing window...
2023-11-17 19:39:39,602 - INFO - initializing new platform
2023-11-17 19:39:39,602 - INFO - initializing PlatformData
2023-11-17 19:39:39,602 - INFO - initializing func get_platforms in PlatformData
2023-11-17 19:39:39,603 - INFO - initializing new platform treewidget
2023-11-17 19:39:52,169 - INFO - Executing InitUI()
2023-11-17 19:39:52,270 - INFO - Executing window...
2023-11-17 19:39:53,233 - INFO - initializing new platform
2023-11-17 19:39:53,233 - INFO - initializing PlatformData
2023-11-17 19:39:53,233 - INFO - initializing func get_platforms in PlatformData
2023-11-17 19:39:53,233 - INFO - initializing new platform treewidget
2023-11-17 19:41:26,479 - INFO - Executing InitUI()
2023-11-17 19:41:26,568 - INFO - Executing window...
2023-11-17 19:41:27,756 - INFO - initializing new platform
2023-11-17 19:41:27,756 - INFO - initializing PlatformData
2023-11-17 19:41:27,756 - INFO - initializing func get_platforms in PlatformData
2023-11-17 19:41:27,756 - INFO - initializing new platform treewidget
2023-11-17 19:47:28,242 - INFO - Executing InitUI()
2023-11-17 19:47:28,334 - INFO - Executing window...
2023-11-17 19:47:29,763 - INFO - initializing new platform
2023-11-17 19:47:29,763 - INFO - initializing PlatformData
2023-11-17 19:47:29,763 - INFO - initializing func get_platforms in PlatformData
2023-11-17 19:47:29,763 - INFO - initializing new platform treewidget
2023-11-17 19:49:22,029 - INFO - Executing InitUI()
2023-11-17 19:49:22,127 - INFO - Executing window...
2023-11-17 19:49:23,166 - INFO - initializing new platform
2023-11-17 19:49:23,166 - INFO - initializing PlatformData
2023-11-17 19:49:23,166 - INFO - initializing func get_platforms in PlatformData
2023-11-17 19:49:23,167 - INFO - initializing new platform treewidget
2023-11-17 19:49:35,715 - INFO - Executing InitUI()
2023-11-17 19:49:35,819 - INFO - Executing window...
2023-11-17 19:49:36,806 - INFO - initializing new platform
2023-11-17 19:49:36,806 - INFO - initializing PlatformData
2023-11-17 19:49:36,807 - INFO - initializing func get_platforms in PlatformData
2023-11-17 19:49:36,807 - INFO - initializing new platform treewidget
2023-11-17 19:50:34,804 - INFO - Executing InitUI()
2023-11-17 19:50:34,901 - INFO - Executing window...
2023-11-17 19:50:35,741 - INFO - initializing new platform
2023-11-17 19:50:35,741 - INFO - initializing PlatformData
2023-11-17 19:50:35,741 - INFO - initializing func get_platforms in PlatformData
2023-11-17 19:50:35,741 - INFO - initializing new platform treewidget
2023-11-17 19:50:35,742 - INFO - initializing new genre
2023-11-17 19:50:35,742 - INFO - initializing GenreData
2023-11-17 19:50:35,742 - INFO - initializing func get_platforms in GenreData
2023-11-17 19:53:24,606 - INFO - Executing InitUI()
2023-11-17 19:53:24,697 - INFO - Executing window...
2023-11-17 19:53:25,962 - INFO - initializing new platform
2023-11-17 19:53:25,962 - INFO - initializing PlatformData
2023-11-17 19:53:25,962 - INFO - initializing func get_platforms in PlatformData
2023-11-17 19:53:25,962 - INFO - initializing new platform treewidget
2023-11-17 19:53:25,963 - INFO - initializing new genre
2023-11-17 19:53:25,963 - INFO - initializing GenreData
2023-11-17 19:53:25,963 - INFO - initializing func get_platforms in GenreData
2023-11-17 19:53:25,964 - INFO - initializing new developer
2023-11-17 19:53:25,964 - INFO - initializing DeveloperData
2023-11-17 19:53:25,964 - INFO - initializing func get_platforms in DeveloperData
2023-11-17 19:55:12,719 - INFO - Executing InitUI()
2023-11-17 19:55:12,820 - INFO - Executing window...
2023-11-17 19:55:13,758 - INFO - initializing new platform
2023-11-17 19:55:13,759 - INFO - initializing PlatformData
2023-11-17 19:55:13,759 - INFO - initializing func get_platforms in PlatformData
2023-11-17 19:55:13,759 - INFO - initializing new platform treewidget
2023-11-17 19:55:13,760 - INFO - initializing new genre
2023-11-17 19:55:13,760 - INFO - initializing GenreData
2023-11-17 19:55:13,760 - INFO - initializing func get_platforms in GenreData
2023-11-17 19:55:13,761 - INFO - initializing new developer
2023-11-17 19:55:13,761 - INFO - initializing DeveloperData
2023-11-17 19:55:13,761 - INFO - initializing func get_platforms in DeveloperData
2023-11-17 19:55:13,761 - INFO - initializing new publisher
2023-11-17 19:55:13,761 - INFO - initializing PublisherData
2023-11-17 19:55:13,761 - INFO - initializing func get_platforms in PublisherData
2023-11-17 20:02:05,003 - INFO - Executing InitUI()
2023-11-17 20:02:05,100 - INFO - Executing window...
2023-11-17 20:02:06,009 - INFO - initializing new platform
2023-11-17 20:02:06,009 - INFO - initializing PlatformData
2023-11-17 20:02:06,009 - INFO - initializing func get_platforms in PlatformData
2023-11-17 20:02:06,010 - INFO - initializing new platform treewidget
2023-11-17 20:02:06,010 - INFO - initializing new genre
2023-11-17 20:02:06,010 - INFO - initializing GenreData
2023-11-17 20:02:06,010 - INFO - initializing func get_platforms in GenreData
2023-11-17 20:02:06,011 - INFO - initializing new developer
2023-11-17 20:02:06,011 - INFO - initializing DeveloperData
2023-11-17 20:02:06,012 - INFO - initializing func get_platforms in DeveloperData
2023-11-17 20:02:06,012 - INFO - initializing new publisher
2023-11-17 20:02:06,012 - INFO - initializing PublisherData
2023-11-17 20:02:06,012 - INFO - initializing func get_platforms in PublisherData
2023-11-17 20:03:14,510 - INFO - Executing InitUI()
2023-11-17 20:03:14,613 - INFO - Executing window...
2023-11-17 20:03:15,509 - INFO - initializing new platform
2023-11-17 20:03:15,509 - INFO - initializing PlatformData
2023-11-17 20:03:15,509 - INFO - initializing func get_platforms in PlatformData
2023-11-17 20:03:15,509 - INFO - initializing new platform treewidget
2023-11-17 20:03:15,510 - INFO - initializing new genre
2023-11-17 20:03:15,510 - INFO - initializing GenreData
2023-11-17 20:03:15,510 - INFO - initializing func get_platforms in GenreData
2023-11-17 20:03:15,511 - INFO - initializing new developer
2023-11-17 20:03:15,511 - INFO - initializing DeveloperData
2023-11-17 20:03:15,511 - INFO - initializing func get_platforms in DeveloperData
2023-11-17 20:03:15,511 - INFO - initializing new publisher
2023-11-17 20:03:15,511 - INFO - initializing PublisherData
2023-11-17 20:03:15,512 - INFO - initializing func get_platforms in PublisherData
2023-11-17 20:05:46,072 - INFO - Executing InitUI()
2023-11-17 20:05:46,174 - INFO - Executing window...
2023-11-17 20:05:46,961 - INFO - initializing new platform
2023-11-17 20:05:46,961 - INFO - initializing PlatformData
2023-11-17 20:05:46,961 - INFO - initializing func get_platforms in PlatformData
2023-11-17 20:05:46,961 - INFO - initializing new platform treewidget
2023-11-17 20:05:46,962 - INFO - initializing new genre
2023-11-17 20:05:46,962 - INFO - initializing GenreData
2023-11-17 20:05:46,962 - INFO - initializing func get_platforms in GenreData
2023-11-17 20:05:46,963 - INFO - initializing new developer
2023-11-17 20:05:46,963 - INFO - initializing DeveloperData
2023-11-17 20:05:46,963 - INFO - initializing func get_platforms in DeveloperData
2023-11-17 20:05:46,964 - INFO - initializing new publisher
2023-11-17 20:05:46,964 - INFO - initializing PublisherData
2023-11-17 20:05:46,964 - INFO - initializing func get_platforms in PublisherData
2023-11-17 20:07:05,151 - INFO - Executing InitUI()
2023-11-17 20:07:05,249 - INFO - Executing window...
2023-11-17 20:07:06,779 - INFO - initializing new platform
2023-11-17 20:07:06,779 - INFO - initializing PlatformData
2023-11-17 20:07:06,779 - INFO - initializing func get_platforms in PlatformData
2023-11-17 20:07:06,781 - INFO - initializing new genre
2023-11-17 20:07:06,781 - INFO - initializing GenreData
2023-11-17 20:07:06,781 - INFO - initializing func get_platforms in GenreData
2023-11-17 20:07:06,782 - INFO - initializing new developer
2023-11-17 20:07:06,782 - INFO - initializing DeveloperData
2023-11-17 20:07:06,782 - INFO - initializing func get_platforms in DeveloperData
2023-11-17 20:07:06,782 - INFO - initializing new publisher
2023-11-17 20:07:06,782 - INFO - initializing PublisherData
2023-11-17 20:07:06,782 - INFO - initializing func get_platforms in PublisherData
2023-11-17 20:08:26,063 - INFO - Executing InitUI()
2023-11-17 20:08:26,160 - INFO - Executing window...
2023-11-17 20:08:27,218 - INFO - initializing new platform
2023-11-17 20:08:27,218 - INFO - initializing PlatformData
2023-11-17 20:08:27,218 - INFO - initializing func get_platforms in PlatformData
2023-11-17 20:08:27,220 - INFO - initializing new genre
2023-11-17 20:08:27,220 - INFO - initializing GenreData
2023-11-17 20:08:27,220 - INFO - initializing func get_platforms in GenreData
2023-11-17 20:08:27,220 - INFO - initializing new developer
2023-11-17 20:08:27,220 - INFO - initializing DeveloperData
2023-11-17 20:08:27,220 - INFO - initializing func get_platforms in DeveloperData
2023-11-17 20:08:27,220 - INFO - initializing new publisher
2023-11-17 20:08:27,220 - INFO - initializing PublisherData
2023-11-17 20:08:27,221 - INFO - initializing func get_platforms in PublisherData
2023-11-17 20:08:34,454 - INFO - initializing PlatformData
2023-11-17 20:08:34,454 - INFO - initializing func append_to_json in PlatformData
2023-11-17 20:09:13,480 - INFO - Executing InitUI()
2023-11-17 20:09:13,577 - INFO - Executing window...
2023-11-17 20:09:15,880 - INFO - initializing PlatformData
2023-11-17 20:09:15,880 - INFO - initializing func append_to_json in PlatformData
2023-11-17 20:09:24,118 - INFO - Executing InitUI()
2023-11-17 20:09:24,220 - INFO - Executing window...
2023-11-17 20:09:26,544 - INFO - initializing PlatformData
2023-11-17 20:09:26,544 - INFO - initializing func append_to_json in PlatformData
2023-11-17 20:10:11,943 - INFO - Executing InitUI()
2023-11-17 20:10:12,030 - INFO - Executing window...
2023-11-17 20:10:48,915 - INFO - Executing InitUI()
2023-11-17 20:10:49,015 - INFO - Executing window...
2023-11-17 20:10:50,394 - INFO - initializing new platform
2023-11-17 20:10:50,394 - INFO - initializing PlatformData
2023-11-17 20:10:50,394 - INFO - initializing func get_platforms in PlatformData
2023-11-17 20:10:50,395 - INFO - initializing new genre
2023-11-17 20:10:50,395 - INFO - initializing GenreData
2023-11-17 20:10:50,395 - INFO - initializing func get_platforms in GenreData
2023-11-17 20:10:50,396 - INFO - initializing new developer
2023-11-17 20:10:50,396 - INFO - initializing DeveloperData
2023-11-17 20:10:50,396 - INFO - initializing func get_platforms in DeveloperData
2023-11-17 20:10:50,396 - INFO - initializing new publisher
2023-11-17 20:10:50,396 - INFO - initializing PublisherData
2023-11-17 20:10:50,396 - INFO - initializing func get_platforms in PublisherData
2023-11-17 20:16:11,881 - INFO - Executing InitUI()
2023-11-17 20:16:11,881 - INFO - initializing GameData
2023-11-17 20:16:11,971 - INFO - Executing window...
2023-11-17 20:16:12,944 - INFO - initializing new platform
2023-11-17 20:16:12,944 - INFO - initializing PlatformData
2023-11-17 20:16:12,944 - INFO - initializing func get_platforms in PlatformData
2023-11-17 20:16:12,945 - INFO - initializing new genre
2023-11-17 20:16:12,945 - INFO - initializing GenreData
2023-11-17 20:16:12,945 - INFO - initializing func get_platforms in GenreData
2023-11-17 20:16:12,947 - INFO - initializing new developer
2023-11-17 20:16:12,947 - INFO - initializing DeveloperData
2023-11-17 20:16:12,947 - INFO - initializing func get_platforms in DeveloperData
2023-11-17 20:16:12,947 - INFO - initializing new publisher
2023-11-17 20:16:12,947 - INFO - initializing PublisherData
2023-11-17 20:16:12,947 - INFO - initializing func get_platforms in PublisherData
2023-11-17 20:16:15,233 - INFO - initializing GameData
2023-11-17 20:16:15,233 - INFO - initializing func append_to_json in GameData
2023-11-17 20:16:18,819 - INFO - Executing InitUI()
2023-11-17 20:16:18,819 - INFO - initializing GameData
2023-11-17 20:16:18,909 - INFO - Executing window...
2023-11-17 20:17:02,968 - INFO - Executing InitUI()
2023-11-17 20:17:02,968 - INFO - initializing GameData
2023-11-17 20:17:03,069 - INFO - Executing window...
2023-11-17 20:17:12,972 - INFO - initializing new platform
2023-11-17 20:17:12,972 - INFO - initializing PlatformData
2023-11-17 20:17:12,973 - INFO - initializing func get_platforms in PlatformData
2023-11-17 20:17:12,974 - INFO - initializing new genre
2023-11-17 20:17:12,974 - INFO - initializing GenreData
2023-11-17 20:17:12,974 - INFO - initializing func get_platforms in GenreData
2023-11-17 20:17:12,974 - INFO - initializing new developer
2023-11-17 20:17:12,974 - INFO - initializing DeveloperData
2023-11-17 20:17:12,975 - INFO - initializing func get_platforms in DeveloperData
2023-11-17 20:17:12,975 - INFO - initializing new publisher
2023-11-17 20:17:12,975 - INFO - initializing PublisherData
2023-11-17 20:17:12,975 - INFO - initializing func get_platforms in PublisherData
2023-11-17 20:17:23,564 - INFO - initializing new platform
2023-11-17 20:17:23,564 - INFO - initializing PlatformData
2023-11-17 20:17:23,564 - INFO - initializing func get_platforms in PlatformData
2023-11-17 20:17:23,565 - INFO - initializing new genre
2023-11-17 20:17:23,565 - INFO - initializing GenreData
2023-11-17 20:17:23,565 - INFO - initializing func get_platforms in GenreData
2023-11-17 20:17:23,565 - INFO - initializing new developer
2023-11-17 20:17:23,565 - INFO - initializing DeveloperData
2023-11-17 20:17:23,565 - INFO - initializing func get_platforms in DeveloperData
2023-11-17 20:17:23,566 - INFO - initializing new publisher
2023-11-17 20:17:23,566 - INFO - initializing PublisherData
2023-11-17 20:17:23,566 - INFO - initializing func get_platforms in PublisherData
2023-11-17 20:17:45,569 - INFO - Executing InitUI()
2023-11-17 20:17:45,569 - INFO - initializing GameData
2023-11-17 20:17:45,671 - INFO - Executing window...
2023-11-17 20:17:50,342 - INFO - Executing InitUI()
2023-11-17 20:17:50,342 - INFO - initializing GameData
2023-11-17 20:17:50,442 - INFO - Executing window...
2023-11-17 20:17:52,176 - INFO - initializing new platform
2023-11-17 20:17:52,176 - INFO - initializing PlatformData
2023-11-17 20:17:52,176 - INFO - initializing func get_platforms in PlatformData
2023-11-17 20:17:52,178 - INFO - initializing new genre
2023-11-17 20:17:52,178 - INFO - initializing GenreData
2023-11-17 20:17:52,178 - INFO - initializing func get_platforms in GenreData
2023-11-17 20:17:52,179 - INFO - initializing new developer
2023-11-17 20:17:52,179 - INFO - initializing DeveloperData
2023-11-17 20:17:52,179 - INFO - initializing func get_platforms in DeveloperData
2023-11-17 20:17:52,179 - INFO - initializing new publisher
2023-11-17 20:17:52,180 - INFO - initializing PublisherData
2023-11-17 20:17:52,180 - INFO - initializing func get_platforms in PublisherData
2023-11-17 20:19:37,818 - INFO - Executing InitUI()
2023-11-17 20:19:37,819 - INFO - initializing GameData
2023-11-17 20:19:37,851 - ERROR - setHorizontalHeaderLabels(self, labels: Iterable[Optional[str]]): argument 1 has unexpected type 'str'
2023-11-17 20:19:40,499 - INFO - Executing InitUI()
2023-11-17 20:19:40,499 - INFO - initializing GameData
2023-11-17 20:19:40,530 - ERROR - setHorizontalHeaderLabels(self, labels: Iterable[Optional[str]]): argument 1 has unexpected type 'str'
2023-11-17 20:19:48,633 - INFO - Executing InitUI()
2023-11-17 20:19:48,633 - INFO - initializing GameData
2023-11-17 20:19:48,663 - ERROR - 'list' object has no attribute 'upper'
2023-11-17 20:19:53,439 - INFO - Executing InitUI()
2023-11-17 20:19:53,440 - INFO - initializing GameData
2023-11-17 20:19:53,533 - INFO - Executing window...
2023-11-17 20:20:32,932 - INFO - Executing InitUI()
2023-11-17 20:20:32,932 - INFO - initializing GameData
2023-11-17 20:20:32,962 - ERROR - 'list' object is not callable
2023-11-17 20:20:37,667 - INFO - Executing InitUI()
2023-11-17 20:20:37,668 - INFO - initializing GameData
2023-11-17 20:20:37,757 - INFO - Executing window...
2023-11-17 20:20:52,752 - INFO - Executing InitUI()
2023-11-17 20:20:52,752 - INFO - initializing GameData
2023-11-17 20:20:52,854 - INFO - Executing window...
2023-11-17 20:20:55,440 - INFO - initializing new platform
2023-11-17 20:20:55,440 - INFO - initializing PlatformData
2023-11-17 20:20:55,440 - INFO - initializing func get_platforms in PlatformData
2023-11-17 20:20:55,441 - INFO - initializing new genre
2023-11-17 20:20:55,441 - INFO - initializing GenreData
2023-11-17 20:20:55,441 - INFO - initializing func get_platforms in GenreData
2023-11-17 20:20:55,442 - INFO - initializing new developer
2023-11-17 20:20:55,442 - INFO - initializing DeveloperData
2023-11-17 20:20:55,442 - INFO - initializing func get_platforms in DeveloperData
2023-11-17 20:20:55,443 - INFO - initializing new publisher
2023-11-17 20:20:55,443 - INFO - initializing PublisherData
2023-11-17 20:20:55,443 - INFO - initializing func get_platforms in PublisherData
2023-11-17 20:23:11,997 - INFO - Executing InitUI()
2023-11-17 20:23:11,997 - INFO - initializing GameData
2023-11-17 20:23:12,094 - INFO - Executing window...
2023-11-17 20:23:35,117 - INFO - Executing InitUI()
2023-11-17 20:23:35,118 - INFO - initializing GameData
2023-11-17 20:23:35,219 - INFO - Executing window...
2023-11-17 20:23:40,185 - INFO - initializing new platform
2023-11-17 20:23:40,185 - INFO - initializing PlatformData
2023-11-17 20:23:40,186 - INFO - initializing func get_platforms in PlatformData
2023-11-17 20:23:40,187 - INFO - initializing new genre
2023-11-17 20:23:40,187 - INFO - initializing GenreData
2023-11-17 20:23:40,187 - INFO - initializing func get_platforms in GenreData
2023-11-17 20:23:40,188 - INFO - initializing new developer
2023-11-17 20:23:40,188 - INFO - initializing DeveloperData
2023-11-17 20:23:40,188 - INFO - initializing func get_platforms in DeveloperData
2023-11-17 20:23:40,188 - INFO - initializing new publisher
2023-11-17 20:23:40,188 - INFO - initializing PublisherData
2023-11-17 20:23:40,188 - INFO - initializing func get_platforms in PublisherData
